  [1m[35m (203.0ms)[0m  [1m[35mCREATE DATABASE "nine_cats_development" ENCODING = 'unicode'[0m
  ↳ bin/rails:9
  [1m[35m (93.6ms)[0m  [1m[35mCREATE DATABASE "nine_cats_test" ENCODING = 'unicode'[0m
  ↳ bin/rails:9
  [1m[35m (31.3ms)[0m  [1m[35mCREATE TABLE "schema_migrations" ("version" character varying NOT NULL PRIMARY KEY)[0m
  ↳ bin/rails:9
  [1m[35m (3.8ms)[0m  [1m[35mCREATE TABLE "ar_internal_metadata" ("key" character varying NOT NULL PRIMARY KEY, "value" character varying, "created_at" timestamp NOT NULL, "updated_at" timestamp NOT NULL)[0m
  ↳ bin/rails:9
  [1m[35m (1.1ms)[0m  [1m[34mSELECT pg_try_advisory_lock(5925710741231733375)[0m
  ↳ bin/rails:9
  [1m[35m (1.0ms)[0m  [1m[34mSELECT "schema_migrations"."version" FROM "schema_migrations" ORDER BY "schema_migrations"."version" ASC[0m
  ↳ bin/rails:9
Migrating to CreateCats (20210211111011)
  [1m[35m (0.4ms)[0m  [1m[35mBEGIN[0m
  ↳ bin/rails:9
  [1m[35m (8.9ms)[0m  [1m[35mCREATE TABLE "cats" ("id" bigserial primary key, "birth_date" date NOT NULL, "color" character varying NOT NULL, "name" character varying NOT NULL, "sex" character varying NOT NULL, "description" text, "created_at" timestamp NOT NULL, "updated_at" timestamp NOT NULL)[0m
  ↳ db/migrate/20210211111011_create_cats.rb:3
  [1m[36mActiveRecord::SchemaMigration Create (3.5ms)[0m  [1m[32mINSERT INTO "schema_migrations" ("version") VALUES ($1) RETURNING "version"[0m  [["version", "20210211111011"]]
  ↳ bin/rails:9
  [1m[35m (0.3ms)[0m  [1m[35mCOMMIT[0m
  ↳ bin/rails:9
  [1m[36mActiveRecord::InternalMetadata Load (0.5ms)[0m  [1m[34mSELECT  "ar_internal_metadata".* FROM "ar_internal_metadata" WHERE "ar_internal_metadata"."key" = $1 LIMIT $2[0m  [["key", "environment"], ["LIMIT", 1]]
  ↳ bin/rails:9
  [1m[35m (0.2ms)[0m  [1m[35mBEGIN[0m
  ↳ bin/rails:9
  [1m[36mActiveRecord::InternalMetadata Create (1.0ms)[0m  [1m[32mINSERT INTO "ar_internal_metadata" ("key", "value", "created_at", "updated_at") VALUES ($1, $2, $3, $4) RETURNING "key"[0m  [["key", "environment"], ["value", "development"], ["created_at", "2021-02-11 11:13:16.463760"], ["updated_at", "2021-02-11 11:13:16.463760"]]
  ↳ bin/rails:9
  [1m[35m (0.2ms)[0m  [1m[35mCOMMIT[0m
  ↳ bin/rails:9
  [1m[35m (0.2ms)[0m  [1m[34mSELECT pg_advisory_unlock(5925710741231733375)[0m
  ↳ bin/rails:9
  [1m[35m (0.6ms)[0m  [1m[34mSELECT "schema_migrations"."version" FROM "schema_migrations" ORDER BY "schema_migrations"."version" ASC[0m
  ↳ bin/rails:9
  [1m[35m (0.7ms)[0m  [1m[34mSELECT "schema_migrations"."version" FROM "schema_migrations" ORDER BY "schema_migrations"."version" ASC[0m
  ↳ /Users/johncheung/.rbenv/versions/2.5.1/bin/annotate:23
  [1m[35m (0.6ms)[0m  [1m[34mSELECT "schema_migrations"."version" FROM "schema_migrations" ORDER BY "schema_migrations"."version" ASC[0m
  ↳ /Users/johncheung/.rbenv/versions/2.5.1/bin/annotate:23
Started GET "/" for ::1 at 2021-02-11 06:31:50 -0500
  [1m[35m (0.8ms)[0m  [1m[34mSELECT "schema_migrations"."version" FROM "schema_migrations" ORDER BY "schema_migrations"."version" ASC[0m
  ↳ /Users/johncheung/.rbenv/versions/2.5.1/lib/ruby/gems/2.5.0/gems/activerecord-5.2.4.5/lib/active_record/log_subscriber.rb:98
Processing by Rails::WelcomeController#index as HTML
  Rendering /Users/johncheung/.rbenv/versions/2.5.1/lib/ruby/gems/2.5.0/gems/railties-5.2.4.5/lib/rails/templates/rails/welcome/index.html.erb
  Rendered /Users/johncheung/.rbenv/versions/2.5.1/lib/ruby/gems/2.5.0/gems/railties-5.2.4.5/lib/rails/templates/rails/welcome/index.html.erb (2.6ms)
Completed 200 OK in 17ms (Views: 8.5ms | ActiveRecord: 0.0ms)


Started GET "/" for ::1 at 2021-02-11 06:31:52 -0500
Processing by Rails::WelcomeController#index as HTML
  Rendering /Users/johncheung/.rbenv/versions/2.5.1/lib/ruby/gems/2.5.0/gems/railties-5.2.4.5/lib/rails/templates/rails/welcome/index.html.erb
  Rendered /Users/johncheung/.rbenv/versions/2.5.1/lib/ruby/gems/2.5.0/gems/railties-5.2.4.5/lib/rails/templates/rails/welcome/index.html.erb (2.1ms)
Completed 200 OK in 9ms (Views: 5.8ms | ActiveRecord: 0.0ms)


Started GET "/cats" for ::1 at 2021-02-11 06:31:53 -0500

LoadError - Unable to autoload constant CatsController, expected /Users/johncheung/App Academy/W6D5/nine_cats/app/controllers/cats_controller.rb to define it:

Started POST "/__better_errors/f7d7fa65102ab379/variables" for ::1 at 2021-02-11 06:31:53 -0500
Started GET "/cats" for ::1 at 2021-02-11 06:32:46 -0500

LoadError - Unable to autoload constant CatsController, expected /Users/johncheung/App Academy/W6D5/nine_cats/app/controllers/cats_controller.rb to define it:

Started POST "/__better_errors/94746e6475e0b902/variables" for ::1 at 2021-02-11 06:32:46 -0500
Started GET "/cats" for ::1 at 2021-02-11 06:33:12 -0500
  [1m[35m (0.7ms)[0m  [1m[34mSELECT "schema_migrations"."version" FROM "schema_migrations" ORDER BY "schema_migrations"."version" ASC[0m
  ↳ /Users/johncheung/.rbenv/versions/2.5.1/lib/ruby/gems/2.5.0/gems/activerecord-5.2.4.5/lib/active_record/log_subscriber.rb:98

LoadError - Unable to autoload constant CatsController, expected /Users/johncheung/App Academy/W6D5/nine_cats/app/controllers/cats_controller.rb to define it:

Started POST "/__better_errors/7b4b5bad51f4bf41/variables" for ::1 at 2021-02-11 06:33:12 -0500
Started GET "/cats" for ::1 at 2021-02-11 06:33:50 -0500
Processing by CatsController#index as HTML
  Rendering cats/index.html.erb within layouts/application
  Rendered cats/index.html.erb within layouts/application (1.2ms)
Completed 500 Internal Server Error in 21ms (ActiveRecord: 0.0ms)



SyntaxError - syntax error, unexpected end-of-input, expecting keyword_end
          end
             ^:
  app/views/cats/index.html.erb:12:in `'
  app/controllers/cats_controller.rb:5:in `index'

Started POST "/__better_errors/747d8080f1d619e9/variables" for ::1 at 2021-02-11 06:33:50 -0500
Started GET "/cats" for ::1 at 2021-02-11 06:33:56 -0500
Processing by CatsController#index as HTML
  Rendering cats/index.html.erb within layouts/application
  Rendered cats/index.html.erb within layouts/application (1.2ms)
Completed 500 Internal Server Error in 9ms (ActiveRecord: 0.0ms)



SyntaxError - syntax error, unexpected end-of-input, expecting keyword_end
          end
             ^:
  app/views/cats/index.html.erb:12:in `'
  app/controllers/cats_controller.rb:5:in `index'

Started POST "/__better_errors/898512a58c13793f/variables" for ::1 at 2021-02-11 06:33:56 -0500
Started GET "/cats" for ::1 at 2021-02-11 06:34:13 -0500
Processing by CatsController#index as HTML
  Rendering cats/index.html.erb within layouts/application
  [1m[36mCat Load (2.0ms)[0m  [1m[34mSELECT "cats".* FROM "cats"[0m
  ↳ app/views/cats/index.html.erb:3
  Rendered cats/index.html.erb within layouts/application (8.0ms)
Completed 200 OK in 198ms (Views: 193.5ms | ActiveRecord: 3.8ms)


Started GET "/cats" for ::1 at 2021-02-11 06:34:28 -0500
Processing by CatsController#index as HTML
  Rendering cats/index.html.erb within layouts/application
  [1m[36mCat Load (0.4ms)[0m  [1m[34mSELECT "cats".* FROM "cats"[0m
  ↳ app/views/cats/index.html.erb:3
  Rendered cats/index.html.erb within layouts/application (1.7ms)
Completed 200 OK in 14ms (Views: 12.9ms | ActiveRecord: 0.4ms)


Started GET "/cats" for ::1 at 2021-02-11 06:34:56 -0500
Processing by CatsController#index as HTML
  Rendering cats/index.html.erb within layouts/application
  [1m[36mCat Load (0.4ms)[0m  [1m[34mSELECT "cats".* FROM "cats"[0m
  ↳ app/views/cats/index.html.erb:3
  Rendered cats/index.html.erb within layouts/application (1.3ms)
Completed 200 OK in 13ms (Views: 12.5ms | ActiveRecord: 0.4ms)


Started GET "/cats" for ::1 at 2021-02-11 06:35:32 -0500
Processing by CatsController#index as HTML
  Rendering cats/index.html.erb within layouts/application
  [1m[36mCat Load (0.4ms)[0m  [1m[34mSELECT "cats".* FROM "cats"[0m
  ↳ app/views/cats/index.html.erb:3
  Rendered cats/index.html.erb within layouts/application (1.9ms)
Completed 200 OK in 14ms (Views: 12.7ms | ActiveRecord: 0.4ms)


  [1m[35m (0.1ms)[0m  [1m[35mBEGIN[0m
  [1m[36mCat Create (2.5ms)[0m  [1m[32mINSERT INTO "cats" ("birth_date", "color", "name", "sex", "created_at", "updated_at") VALUES ($1, $2, $3, $4, $5, $6) RETURNING "id"[0m  [["birth_date", "2001-01-01"], ["color", "black"], ["name", "John"], ["sex", "M"], ["created_at", "2021-02-11 11:37:09.161046"], ["updated_at", "2021-02-11 11:37:09.161046"]]
  [1m[35m (0.3ms)[0m  [1m[35mCOMMIT[0m
Started GET "/cats" for ::1 at 2021-02-11 06:37:16 -0500
Processing by CatsController#index as HTML
  Rendering cats/index.html.erb within layouts/application
  [1m[36mCat Load (0.8ms)[0m  [1m[34mSELECT "cats".* FROM "cats"[0m
  ↳ app/views/cats/index.html.erb:3
  Rendered cats/index.html.erb within layouts/application (21.5ms)
Completed 200 OK in 33ms (Views: 25.8ms | ActiveRecord: 6.0ms)


Started GET "/cat/1" for ::1 at 2021-02-11 06:37:18 -0500
  
ActionController::RoutingError (No route matches [GET] "/cat/1"):
  
actionpack (5.2.4.5) lib/action_dispatch/middleware/debug_exceptions.rb:65:in `call'
web-console (3.7.0) lib/web_console/middleware.rb:135:in `call_app'
web-console (3.7.0) lib/web_console/middleware.rb:30:in `block in call'
web-console (3.7.0) lib/web_console/middleware.rb:20:in `catch'
web-console (3.7.0) lib/web_console/middleware.rb:20:in `call'
actionpack (5.2.4.5) lib/action_dispatch/middleware/show_exceptions.rb:33:in `call'
railties (5.2.4.5) lib/rails/rack/logger.rb:38:in `call_app'
railties (5.2.4.5) lib/rails/rack/logger.rb:26:in `block in call'
activesupport (5.2.4.5) lib/active_support/tagged_logging.rb:71:in `block in tagged'
activesupport (5.2.4.5) lib/active_support/tagged_logging.rb:28:in `tagged'
activesupport (5.2.4.5) lib/active_support/tagged_logging.rb:71:in `tagged'
railties (5.2.4.5) lib/rails/rack/logger.rb:26:in `call'
sprockets-rails (3.2.2) lib/sprockets/rails/quiet_assets.rb:13:in `call'
actionpack (5.2.4.5) lib/action_dispatch/middleware/remote_ip.rb:81:in `call'
actionpack (5.2.4.5) lib/action_dispatch/middleware/request_id.rb:27:in `call'
rack (2.2.3) lib/rack/method_override.rb:24:in `call'
rack (2.2.3) lib/rack/runtime.rb:22:in `call'
activesupport (5.2.4.5) lib/active_support/cache/strategy/local_cache_middleware.rb:29:in `call'
actionpack (5.2.4.5) lib/action_dispatch/middleware/executor.rb:14:in `call'
actionpack (5.2.4.5) lib/action_dispatch/middleware/static.rb:127:in `call'
rack (2.2.3) lib/rack/sendfile.rb:110:in `call'
railties (5.2.4.5) lib/rails/engine.rb:524:in `call'
puma (3.12.6) lib/puma/configuration.rb:227:in `call'
puma (3.12.6) lib/puma/server.rb:706:in `handle_request'
puma (3.12.6) lib/puma/server.rb:476:in `process_client'
puma (3.12.6) lib/puma/server.rb:334:in `block in run'
puma (3.12.6) lib/puma/thread_pool.rb:135:in `block in spawn_thread'
  [1m[35m (0.2ms)[0m  [1m[35mBEGIN[0m
  [1m[36mCat Create (0.4ms)[0m  [1m[32mINSERT INTO "cats" ("birth_date", "color", "name", "sex", "created_at", "updated_at") VALUES ($1, $2, $3, $4, $5, $6) RETURNING "id"[0m  [["birth_date", "2002-01-01"], ["color", "black"], ["name", "John2"], ["sex", "M"], ["created_at", "2021-02-11 11:37:38.577655"], ["updated_at", "2021-02-11 11:37:38.577655"]]
  [1m[35m (0.5ms)[0m  [1m[35mCOMMIT[0m
Started GET "/cats" for ::1 at 2021-02-11 06:37:41 -0500
Processing by CatsController#index as HTML
  Rendering cats/index.html.erb within layouts/application
  [1m[36mCat Load (0.3ms)[0m  [1m[34mSELECT "cats".* FROM "cats"[0m
  ↳ app/views/cats/index.html.erb:3
  Rendered cats/index.html.erb within layouts/application (1.4ms)
Completed 200 OK in 13ms (Views: 12.2ms | ActiveRecord: 0.3ms)


Started GET "/cats" for ::1 at 2021-02-11 06:38:38 -0500
Processing by CatsController#index as HTML
  Rendering cats/index.html.erb within layouts/application
  [1m[36mCat Load (0.3ms)[0m  [1m[34mSELECT "cats".* FROM "cats"[0m
  ↳ app/views/cats/index.html.erb:3
  Rendered cats/index.html.erb within layouts/application (4.8ms)
Completed 500 Internal Server Error in 12ms (ActiveRecord: 0.3ms)



ActionController::UrlGenerationError - No route matches {:action=>"show", :controller=>"cats", :id=>nil}, missing required keys: [:id]:
  app/views/cats/index.html.erb:4:in `block in _app_views_cats_index_html_erb__2433544811683214920_70300478227280'
  app/views/cats/index.html.erb:3:in `_app_views_cats_index_html_erb__2433544811683214920_70300478227280'
  app/controllers/cats_controller.rb:5:in `index'

Started POST "/__better_errors/da4769ec5bd8fcd8/variables" for ::1 at 2021-02-11 06:38:38 -0500
Started GET "/cats" for ::1 at 2021-02-11 06:38:45 -0500
Processing by CatsController#index as HTML
  Rendering cats/index.html.erb within layouts/application
  [1m[36mCat Load (0.3ms)[0m  [1m[34mSELECT "cats".* FROM "cats"[0m
  ↳ app/views/cats/index.html.erb:3
  Rendered cats/index.html.erb within layouts/application (1.6ms)
Completed 200 OK in 13ms (Views: 12.2ms | ActiveRecord: 0.3ms)


Started GET "/cats/2" for ::1 at 2021-02-11 06:38:48 -0500
Processing by CatsController#show as HTML
  Parameters: {"id"=>"2"}
Completed 200 OK in 1ms (Views: 0.2ms | ActiveRecord: 0.0ms)


Started GET "/cats/1" for ::1 at 2021-02-11 06:38:50 -0500
Processing by CatsController#show as HTML
  Parameters: {"id"=>"1"}
Completed 200 OK in 1ms (Views: 0.2ms | ActiveRecord: 0.0ms)


Started GET "/cats/2" for ::1 at 2021-02-11 06:39:00 -0500
Processing by CatsController#show as HTML
  Parameters: {"id"=>"2"}
Completed 200 OK in 1ms (Views: 0.2ms | ActiveRecord: 0.0ms)


  [1m[35m (0.2ms)[0m  [1m[35mBEGIN[0m
  [1m[36mCat Create (0.4ms)[0m  [1m[32mINSERT INTO "cats" ("birth_date", "color", "name", "sex", "created_at", "updated_at") VALUES ($1, $2, $3, $4, $5, $6) RETURNING "id"[0m  [["birth_date", "1992-01-01"], ["color", "orange"], ["name", "Garfield"], ["sex", "M"], ["created_at", "2021-02-11 11:39:26.685380"], ["updated_at", "2021-02-11 11:39:26.685380"]]
  [1m[35m (0.4ms)[0m  [1m[35mCOMMIT[0m
Started GET "/cats" for ::1 at 2021-02-11 06:39:29 -0500
Processing by CatsController#index as HTML
  Rendering cats/index.html.erb within layouts/application
  [1m[36mCat Load (0.3ms)[0m  [1m[34mSELECT "cats".* FROM "cats"[0m
  ↳ app/views/cats/index.html.erb:3
  Rendered cats/index.html.erb within layouts/application (1.8ms)
Completed 200 OK in 12ms (Views: 11.6ms | ActiveRecord: 0.3ms)


Started GET "/cats/3" for ::1 at 2021-02-11 06:39:30 -0500
Processing by CatsController#show as HTML
  Parameters: {"id"=>"3"}
Completed 200 OK in 1ms (Views: 0.2ms | ActiveRecord: 0.0ms)


Started GET "/cats" for ::1 at 2021-02-11 06:43:40 -0500

SyntaxError - syntax error, unexpected end-of-input, expecting keyword_end:
  app/controllers/cats_controller.rb:21:in `'

Started POST "/__better_errors/54195e45949cebb6/variables" for ::1 at 2021-02-11 06:43:40 -0500
Started GET "/cats" for ::1 at 2021-02-11 06:44:09 -0500
Processing by CatsController#index as HTML
  Rendering cats/index.html.erb within layouts/application
  [1m[36mCat Load (0.4ms)[0m  [1m[34mSELECT "cats".* FROM "cats"[0m
  ↳ app/views/cats/index.html.erb:3
  Rendered cats/index.html.erb within layouts/application (18.0ms)
Completed 200 OK in 35ms (Views: 24.0ms | ActiveRecord: 7.2ms)


Started GET "/cats/3" for ::1 at 2021-02-11 06:44:10 -0500
Processing by CatsController#show as HTML
  Parameters: {"id"=>"3"}
  [1m[36mCat Load (0.4ms)[0m  [1m[34mSELECT  "cats".* FROM "cats" WHERE "cats"."id" = $1 LIMIT $2[0m  [["id", 3], ["LIMIT", 1]]
  ↳ app/controllers/cats_controller.rb:9
  Rendering cats/show.html.erb within layouts/application
  Rendered cats/show.html.erb within layouts/application (0.6ms)
Completed 200 OK in 18ms (Views: 12.8ms | ActiveRecord: 0.7ms)


Started GET "/cats" for ::1 at 2021-02-11 06:44:43 -0500
Processing by CatsController#index as HTML
  Rendering cats/index.html.erb within layouts/application
  [1m[36mCat Load (0.4ms)[0m  [1m[34mSELECT "cats".* FROM "cats"[0m
  ↳ app/views/cats/index.html.erb:3
  Rendered cats/index.html.erb within layouts/application (3.1ms)
Completed 200 OK in 16ms (Views: 15.0ms | ActiveRecord: 0.4ms)


Started GET "/cats/3" for ::1 at 2021-02-11 06:44:44 -0500
Processing by CatsController#show as HTML
  Parameters: {"id"=>"3"}
  [1m[36mCat Load (0.4ms)[0m  [1m[34mSELECT  "cats".* FROM "cats" WHERE "cats"."id" = $1 LIMIT $2[0m  [["id", 3], ["LIMIT", 1]]
  ↳ app/controllers/cats_controller.rb:9
  Rendering cats/show.html.erb within layouts/application
  Rendered cats/show.html.erb within layouts/application (8.3ms)
Completed 500 Internal Server Error in 17ms (ActiveRecord: 0.4ms)



ActionView::MissingTemplate - Missing partial cats/_cat with {:locale=>[:en], :formats=>[:html], :variants=>[], :handlers=>[:raw, :erb, :html, :builder, :ruby, :coffee, :jbuilder]}. Searched in:
  * "/Users/johncheung/App Academy/W6D5/nine_cats/app/views":
  app/views/cats/show.html.erb:1:in `_app_views_cats_show_html_erb__776322950414389189_70300486891200'
  app/controllers/cats_controller.rb:11:in `show'

Started POST "/__better_errors/b3e4461cbce5b86a/variables" for ::1 at 2021-02-11 06:44:44 -0500
Started GET "/cats/1" for ::1 at 2021-02-11 06:46:53 -0500
Processing by CatsController#show as HTML
  Parameters: {"id"=>"1"}
  [1m[36mCat Load (0.4ms)[0m  [1m[34mSELECT  "cats".* FROM "cats" WHERE "cats"."id" = $1 LIMIT $2[0m  [["id", 1], ["LIMIT", 1]]
  ↳ app/controllers/cats_controller.rb:9
  Rendering cats/show.html.erb within layouts/application
  Rendered cats/show.html.erb within layouts/application (1.3ms)
Completed 200 OK in 14ms (Views: 12.4ms | ActiveRecord: 0.4ms)


Started GET "/cats/5" for ::1 at 2021-02-11 06:47:23 -0500
Processing by CatsController#show as HTML
  Parameters: {"id"=>"5"}
  [1m[36mCat Load (0.3ms)[0m  [1m[34mSELECT  "cats".* FROM "cats" WHERE "cats"."id" = $1 LIMIT $2[0m  [["id", 5], ["LIMIT", 1]]
  ↳ app/controllers/cats_controller.rb:9
Completed 404 Not Found in 2ms (ActiveRecord: 0.3ms)



ActiveRecord::RecordNotFound - Couldn't find Cat with 'id'=5:
  app/controllers/cats_controller.rb:9:in `show'

Started POST "/__better_errors/eaedd0b70f38d7f9/variables" for ::1 at 2021-02-11 06:47:23 -0500
Started GET "/cats/5" for ::1 at 2021-02-11 06:47:38 -0500
Processing by CatsController#show as HTML
  Parameters: {"id"=>"5"}
  [1m[36mCat Load (0.3ms)[0m  [1m[34mSELECT  "cats".* FROM "cats" WHERE "cats"."id" = $1 LIMIT $2[0m  [["id", 5], ["LIMIT", 1]]
  ↳ app/controllers/cats_controller.rb:9
Redirected to http://localhost:3000/cats
Completed 302 Found in 8ms (ActiveRecord: 2.5ms)


Started GET "/cats" for ::1 at 2021-02-11 06:47:38 -0500
Processing by CatsController#index as HTML
  Rendering cats/index.html.erb within layouts/application
  [1m[36mCat Load (0.3ms)[0m  [1m[34mSELECT "cats".* FROM "cats"[0m
  ↳ app/views/cats/index.html.erb:3
  Rendered cats/index.html.erb within layouts/application (12.7ms)
Completed 200 OK in 25ms (Views: 20.6ms | ActiveRecord: 4.2ms)


Started GET "/cats/" for ::1 at 2021-02-11 06:47:42 -0500
Processing by CatsController#index as HTML
  Rendering cats/index.html.erb within layouts/application
  [1m[36mCat Load (0.3ms)[0m  [1m[34mSELECT "cats".* FROM "cats"[0m
  ↳ app/views/cats/index.html.erb:3
  Rendered cats/index.html.erb within layouts/application (2.2ms)
Completed 200 OK in 13ms (Views: 11.7ms | ActiveRecord: 0.3ms)


Started GET "/cats/1" for ::1 at 2021-02-11 06:47:42 -0500
Processing by CatsController#show as HTML
  Parameters: {"id"=>"1"}
  [1m[36mCat Load (0.3ms)[0m  [1m[34mSELECT  "cats".* FROM "cats" WHERE "cats"."id" = $1 LIMIT $2[0m  [["id", 1], ["LIMIT", 1]]
  ↳ app/controllers/cats_controller.rb:9
  Rendering cats/show.html.erb within layouts/application
  Rendered cats/show.html.erb within layouts/application (0.7ms)
Completed 200 OK in 13ms (Views: 11.8ms | ActiveRecord: 0.3ms)


Started GET "/cats/10" for ::1 at 2021-02-11 06:47:43 -0500
Processing by CatsController#show as HTML
  Parameters: {"id"=>"10"}
  [1m[36mCat Load (0.3ms)[0m  [1m[34mSELECT  "cats".* FROM "cats" WHERE "cats"."id" = $1 LIMIT $2[0m  [["id", 10], ["LIMIT", 1]]
  ↳ app/controllers/cats_controller.rb:9
Redirected to http://localhost:3000/cats
Completed 302 Found in 3ms (ActiveRecord: 0.3ms)


Started GET "/cats" for ::1 at 2021-02-11 06:47:43 -0500
Processing by CatsController#index as HTML
  Rendering cats/index.html.erb within layouts/application
  [1m[36mCat Load (0.4ms)[0m  [1m[34mSELECT "cats".* FROM "cats"[0m
  ↳ app/views/cats/index.html.erb:3
  Rendered cats/index.html.erb within layouts/application (1.9ms)
Completed 200 OK in 13ms (Views: 11.7ms | ActiveRecord: 0.4ms)


Started GET "/cats/3" for ::1 at 2021-02-11 06:56:09 -0500
Processing by CatsController#show as HTML
  Parameters: {"id"=>"3"}
  [1m[36mCat Load (0.5ms)[0m  [1m[34mSELECT  "cats".* FROM "cats" WHERE "cats"."id" = $1 LIMIT $2[0m  [["id", 3], ["LIMIT", 1]]
  ↳ app/controllers/cats_controller.rb:9
  Rendering cats/show.html.erb within layouts/application
  Rendered cats/show.html.erb within layouts/application (2.0ms)
Completed 200 OK in 68ms (Views: 19.7ms | ActiveRecord: 14.2ms)


Started GET "/cats/" for ::1 at 2021-02-11 07:10:18 -0500
Processing by CatsController#index as HTML
  Rendering cats/index.html.erb within layouts/application
  [1m[36mCat Load (0.9ms)[0m  [1m[34mSELECT "cats".* FROM "cats"[0m
  ↳ app/views/cats/index.html.erb:3
  Rendered cats/index.html.erb within layouts/application (25.7ms)
Completed 200 OK in 48ms (Views: 32.1ms | ActiveRecord: 9.5ms)


Started GET "/cats/new" for ::1 at 2021-02-11 07:10:18 -0500
Processing by CatsController#new as HTML
Completed 500 Internal Server Error in 4ms (ActiveRecord: 0.0ms)



NameError - uninitialized constant CatsController::CAT_COLORS:
  app/controllers/cats_controller.rb:18:in `new'

Started POST "/__better_errors/a4c1cbdecd258640/variables" for ::1 at 2021-02-11 07:10:19 -0500
Started GET "/cats/new" for ::1 at 2021-02-11 07:10:51 -0500
Processing by CatsController#new as HTML
  Rendering cats/new.html.erb within layouts/application
  Rendered cats/new.html.erb within layouts/application (5.7ms)
Completed 500 Internal Server Error in 14ms (ActiveRecord: 0.0ms)



NoMethodError - undefined method `each' for nil:NilClass:
  app/views/cats/new.html.erb:20:in `_app_views_cats_new_html_erb___1878006633429549648_70300404526080'
  app/controllers/cats_controller.rb:19:in `new'

Started POST "/__better_errors/cf104cf14e4fecca/variables" for ::1 at 2021-02-11 07:10:51 -0500
Started GET "/cats/new" for ::1 at 2021-02-11 07:11:53 -0500
Processing by CatsController#new as HTML
  Rendering cats/new.html.erb within layouts/application
  Rendered cats/new.html.erb within layouts/application (0.4ms)
Completed 200 OK in 13ms (Views: 12.8ms | ActiveRecord: 0.0ms)


Started GET "/cats/new" for ::1 at 2021-02-11 07:12:50 -0500
Processing by CatsController#new as HTML
  Rendering cats/new.html.erb within layouts/application
  Rendered cats/new.html.erb within layouts/application (0.4ms)
Completed 200 OK in 11ms (Views: 10.3ms | ActiveRecord: 0.0ms)


Started GET "/cats/new" for ::1 at 2021-02-11 07:13:09 -0500
Processing by CatsController#new as HTML
  Rendering cats/new.html.erb within layouts/application
  Rendered cats/new.html.erb within layouts/application (0.4ms)
Completed 200 OK in 11ms (Views: 10.1ms | ActiveRecord: 0.0ms)


Started GET "/cats/new" for ::1 at 2021-02-11 07:15:15 -0500
Processing by CatsController#new as HTML
  Rendering cats/new.html.erb within layouts/application
  Rendered cats/new.html.erb within layouts/application (0.5ms)
Completed 200 OK in 13ms (Views: 12.2ms | ActiveRecord: 0.0ms)


Started GET "/cats/new" for ::1 at 2021-02-11 07:15:40 -0500
Processing by CatsController#new as HTML
  Rendering cats/new.html.erb within layouts/application
  Rendered cats/new.html.erb within layouts/application (0.4ms)
Completed 200 OK in 15ms (Views: 14.8ms | ActiveRecord: 0.0ms)


Started GET "/cats/new" for ::1 at 2021-02-11 07:16:10 -0500
Processing by CatsController#new as HTML
  Rendering cats/new.html.erb within layouts/application
  Rendered cats/new.html.erb within layouts/application (0.4ms)
Completed 200 OK in 11ms (Views: 10.8ms | ActiveRecord: 0.0ms)


Started GET "/cats/new" for ::1 at 2021-02-11 07:16:19 -0500
Processing by CatsController#new as HTML
  Rendering cats/new.html.erb within layouts/application
  Rendered cats/new.html.erb within layouts/application (0.4ms)
Completed 200 OK in 11ms (Views: 10.6ms | ActiveRecord: 0.0ms)


Started GET "/cats/new" for ::1 at 2021-02-11 07:16:41 -0500
Processing by CatsController#new as HTML
  Rendering cats/new.html.erb within layouts/application
  Rendered cats/new.html.erb within layouts/application (0.4ms)
Completed 200 OK in 10ms (Views: 9.2ms | ActiveRecord: 0.0ms)


Started GET "/cats/new" for ::1 at 2021-02-11 07:16:57 -0500
Processing by CatsController#new as HTML
  Rendering cats/new.html.erb within layouts/application
  Rendered cats/new.html.erb within layouts/application (0.4ms)
Completed 200 OK in 10ms (Views: 9.7ms | ActiveRecord: 0.0ms)


Started POST "/cats" for ::1 at 2021-02-11 07:17:14 -0500
Processing by CatsController#create as HTML
  Parameters: {"cats"=>{"name"=>"Snickers", "sex"=>"M", "color"=>"orange", "birth_date"=>"2020-12-01", "description"=>"Very cool cat"}}
Completed 400 Bad Request in 3ms (ActiveRecord: 0.0ms)



ActionController::ParameterMissing - param is missing or the value is empty: cat:
  app/controllers/cats_controller.rb:35:in `cat_params'
  app/controllers/cats_controller.rb:24:in `create'

Started POST "/__better_errors/cc74bd4282154244/variables" for ::1 at 2021-02-11 07:17:14 -0500
Started POST "/cats" for ::1 at 2021-02-11 07:18:55 -0500
Processing by CatsController#create as HTML
  Parameters: {"cats"=>{"name"=>"Snickers", "sex"=>"M", "color"=>"orange", "birth_date"=>"2020-12-01", "description"=>"Very cool cat"}}
Completed 400 Bad Request in 7ms (ActiveRecord: 0.0ms)



ActionController::ParameterMissing - param is missing or the value is empty: cat:
  app/controllers/cats_controller.rb:35:in `cat_params'
  app/controllers/cats_controller.rb:24:in `create'

Started POST "/__better_errors/9769c5d3413d768f/variables" for ::1 at 2021-02-11 07:18:56 -0500
Started GET "/cats/new" for ::1 at 2021-02-11 07:19:09 -0500
Processing by CatsController#new as HTML
  Rendering cats/new.html.erb within layouts/application
  Rendered cats/new.html.erb within layouts/application (1.3ms)
Completed 200 OK in 20ms (Views: 19.9ms | ActiveRecord: 0.0ms)


Started POST "/cats" for ::1 at 2021-02-11 07:19:24 -0500
Processing by CatsController#create as HTML
  Parameters: {"cat"=>{"name"=>"Snickers", "sex"=>"M", "color"=>"white", "birth_date"=>"2020-12-11", "description"=>"Cool cat"}}
  [1m[35m (0.2ms)[0m  [1m[35mBEGIN[0m
  ↳ app/controllers/cats_controller.rb:25
  [1m[36mCat Create (1.9ms)[0m  [1m[32mINSERT INTO "cats" ("birth_date", "color", "name", "sex", "description", "created_at", "updated_at") VALUES ($1, $2, $3, $4, $5, $6, $7) RETURNING "id"[0m  [["birth_date", "2020-12-11"], ["color", "white"], ["name", "Snickers"], ["sex", "M"], ["description", "Cool cat"], ["created_at", "2021-02-11 12:19:24.757526"], ["updated_at", "2021-02-11 12:19:24.757526"]]
  ↳ app/controllers/cats_controller.rb:25
  [1m[35m (1.3ms)[0m  [1m[35mCOMMIT[0m
  ↳ app/controllers/cats_controller.rb:25
Redirected to http://localhost:3000/cats/4
Completed 302 Found in 37ms (ActiveRecord: 12.0ms)


Started GET "/cats/4" for ::1 at 2021-02-11 07:19:24 -0500
Processing by CatsController#show as HTML
  Parameters: {"id"=>"4"}
  [1m[36mCat Load (0.7ms)[0m  [1m[34mSELECT  "cats".* FROM "cats" WHERE "cats"."id" = $1 LIMIT $2[0m  [["id", 4], ["LIMIT", 1]]
  ↳ app/controllers/cats_controller.rb:9
  Rendering cats/show.html.erb within layouts/application
  Rendered cats/show.html.erb within layouts/application (0.5ms)
Completed 200 OK in 21ms (Views: 14.4ms | ActiveRecord: 1.0ms)


  [1m[36mCat Load (0.7ms)[0m  [1m[34mSELECT "cats".* FROM "cats"[0m
Started POST "/cats" for ::1 at 2021-02-11 07:21:25 -0500
Processing by CatsController#create as HTML
  Parameters: {"cat"=>{"name"=>"Fluffy", "sex"=>"F", "color"=>"orange", "birth_date"=>"2020-09-11", "description"=>"Cutest cat ever"}}
  [1m[35m (0.2ms)[0m  [1m[35mBEGIN[0m
  ↳ app/controllers/cats_controller.rb:25
  [1m[36mCat Create (0.4ms)[0m  [1m[32mINSERT INTO "cats" ("birth_date", "color", "name", "sex", "description", "created_at", "updated_at") VALUES ($1, $2, $3, $4, $5, $6, $7) RETURNING "id"[0m  [["birth_date", "2020-09-11"], ["color", "orange"], ["name", "Fluffy"], ["sex", "F"], ["description", "Cutest cat ever"], ["created_at", "2021-02-11 12:21:25.111003"], ["updated_at", "2021-02-11 12:21:25.111003"]]
  ↳ app/controllers/cats_controller.rb:25
  [1m[35m (0.3ms)[0m  [1m[35mCOMMIT[0m
  ↳ app/controllers/cats_controller.rb:25
  Rendering cats/show.html.erb within layouts/application
  Rendered cats/show.html.erb within layouts/application (0.5ms)
Completed 200 OK in 33ms (Views: 10.5ms | ActiveRecord: 5.3ms)


Started POST "/cats" for ::1 at 2021-02-11 07:23:00 -0500
Processing by CatsController#create as HTML
  Parameters: {"cat"=>{"name"=>"Snowball", "sex"=>"F", "color"=>"white", "birth_date"=>"2020-06-11", "description"=>"snowball born in june"}}
  [1m[35m (0.1ms)[0m  [1m[35mBEGIN[0m
  ↳ app/controllers/cats_controller.rb:25
  [1m[36mCat Create (0.6ms)[0m  [1m[32mINSERT INTO "cats" ("birth_date", "color", "name", "sex", "description", "created_at", "updated_at") VALUES ($1, $2, $3, $4, $5, $6, $7) RETURNING "id"[0m  [["birth_date", "2020-06-11"], ["color", "white"], ["name", "Snowball"], ["sex", "F"], ["description", "snowball born in june"], ["created_at", "2021-02-11 12:23:00.226863"], ["updated_at", "2021-02-11 12:23:00.226863"]]
  ↳ app/controllers/cats_controller.rb:25
  [1m[35m (0.5ms)[0m  [1m[35mCOMMIT[0m
  ↳ app/controllers/cats_controller.rb:25
Redirected to http://localhost:3000/cats/6
Completed 302 Found in 28ms (ActiveRecord: 6.4ms)


Started GET "/cats/6" for ::1 at 2021-02-11 07:23:00 -0500
Processing by CatsController#show as HTML
  Parameters: {"id"=>"6"}
  [1m[36mCat Load (0.3ms)[0m  [1m[34mSELECT  "cats".* FROM "cats" WHERE "cats"."id" = $1 LIMIT $2[0m  [["id", 6], ["LIMIT", 1]]
  ↳ app/controllers/cats_controller.rb:9
  Rendering cats/show.html.erb within layouts/application
  Rendered cats/show.html.erb within layouts/application (0.4ms)
Completed 200 OK in 12ms (Views: 10.5ms | ActiveRecord: 0.3ms)


Started POST "/cats" for ::1 at 2021-02-11 07:23:32 -0500
Processing by CatsController#create as HTML
  Parameters: {"cat"=>{"name"=>"Fireball", "sex"=>"M", "color"=>"orange", "birth_date"=>"2020-01-02", "description"=>"this cat made using render :show "}}
  [1m[35m (0.1ms)[0m  [1m[35mBEGIN[0m
  ↳ app/controllers/cats_controller.rb:25
  [1m[36mCat Create (0.4ms)[0m  [1m[32mINSERT INTO "cats" ("birth_date", "color", "name", "sex", "description", "created_at", "updated_at") VALUES ($1, $2, $3, $4, $5, $6, $7) RETURNING "id"[0m  [["birth_date", "2020-01-02"], ["color", "orange"], ["name", "Fireball"], ["sex", "M"], ["description", "this cat made using render :show "], ["created_at", "2021-02-11 12:23:32.415724"], ["updated_at", "2021-02-11 12:23:32.415724"]]
  ↳ app/controllers/cats_controller.rb:25
  [1m[35m (0.7ms)[0m  [1m[35mCOMMIT[0m
  ↳ app/controllers/cats_controller.rb:25
  Rendering cats/show.html.erb within layouts/application
  Rendered cats/show.html.erb within layouts/application (0.4ms)
Completed 200 OK in 28ms (Views: 9.9ms | ActiveRecord: 5.8ms)


  [1m[36mCat Load (0.6ms)[0m  [1m[34mSELECT "cats".* FROM "cats"[0m
Started GET "/cats/" for ::1 at 2021-02-11 07:26:58 -0500
Processing by CatsController#index as HTML
  Rendering cats/index.html.erb within layouts/application
  [1m[36mCat Load (0.3ms)[0m  [1m[34mSELECT "cats".* FROM "cats"[0m
  ↳ app/views/cats/index.html.erb:3
  Rendered cats/index.html.erb within layouts/application (16.9ms)
Completed 200 OK in 35ms (Views: 25.8ms | ActiveRecord: 5.1ms)


Started GET "/cats/7" for ::1 at 2021-02-11 07:27:01 -0500
Processing by CatsController#show as HTML
  Parameters: {"id"=>"7"}
  [1m[36mCat Load (0.3ms)[0m  [1m[34mSELECT  "cats".* FROM "cats" WHERE "cats"."id" = $1 LIMIT $2[0m  [["id", 7], ["LIMIT", 1]]
  ↳ app/controllers/cats_controller.rb:9
  Rendering cats/show.html.erb within layouts/application
  Rendered cats/show.html.erb within layouts/application (0.6ms)
Completed 200 OK in 28ms (Views: 25.9ms | ActiveRecord: 0.3ms)


Started GET "/cats/1" for ::1 at 2021-02-11 07:27:13 -0500
Processing by CatsController#show as HTML
  Parameters: {"id"=>"1"}
  [1m[36mCat Load (0.5ms)[0m  [1m[34mSELECT  "cats".* FROM "cats" WHERE "cats"."id" = $1 LIMIT $2[0m  [["id", 1], ["LIMIT", 1]]
  ↳ app/controllers/cats_controller.rb:9
  Rendering cats/show.html.erb within layouts/application
  Rendered cats/show.html.erb within layouts/application (0.5ms)
Completed 200 OK in 13ms (Views: 11.0ms | ActiveRecord: 0.5ms)


Started GET "/cats/5" for ::1 at 2021-02-11 07:27:37 -0500
Processing by CatsController#show as HTML
  Parameters: {"id"=>"5"}
  [1m[36mCat Load (0.4ms)[0m  [1m[34mSELECT  "cats".* FROM "cats" WHERE "cats"."id" = $1 LIMIT $2[0m  [["id", 5], ["LIMIT", 1]]
  ↳ app/controllers/cats_controller.rb:9
  Rendering cats/show.html.erb within layouts/application
  Rendered cats/show.html.erb within layouts/application (0.5ms)
Completed 200 OK in 12ms (Views: 10.9ms | ActiveRecord: 0.4ms)


Started GET "/cats/new" for ::1 at 2021-02-11 07:27:42 -0500
Processing by CatsController#new as HTML
  Rendering cats/new.html.erb within layouts/application
  Rendered cats/new.html.erb within layouts/application (0.5ms)
Completed 200 OK in 10ms (Views: 9.8ms | ActiveRecord: 0.0ms)


Started GET "/cats/" for ::1 at 2021-02-11 07:30:40 -0500
Processing by CatsController#index as HTML
  Rendering cats/index.html.erb within layouts/application
  [1m[36mCat Load (0.3ms)[0m  [1m[34mSELECT "cats".* FROM "cats"[0m
  ↳ app/views/cats/index.html.erb:3
  Rendered cats/index.html.erb within layouts/application (2.3ms)
Completed 200 OK in 13ms (Views: 12.4ms | ActiveRecord: 0.3ms)


Started GET "/cats/new" for ::1 at 2021-02-11 07:30:41 -0500
Processing by CatsController#new as HTML
  Rendering cats/new.html.erb within layouts/application
  Rendered cats/new.html.erb within layouts/application (0.5ms)
Completed 200 OK in 11ms (Views: 10.0ms | ActiveRecord: 0.0ms)


Started GET "/cats/5" for ::1 at 2021-02-11 07:31:08 -0500
Processing by CatsController#show as HTML
  Parameters: {"id"=>"5"}
  [1m[36mCat Load (0.4ms)[0m  [1m[34mSELECT  "cats".* FROM "cats" WHERE "cats"."id" = $1 LIMIT $2[0m  [["id", 5], ["LIMIT", 1]]
  ↳ app/controllers/cats_controller.rb:9
  Rendering cats/show.html.erb within layouts/application
  Rendered cats/show.html.erb within layouts/application (0.6ms)
Completed 200 OK in 12ms (Views: 9.8ms | ActiveRecord: 0.4ms)


Started GET "/cats/new" for ::1 at 2021-02-11 07:31:11 -0500
Processing by CatsController#new as HTML
  Rendering cats/new.html.erb within layouts/application
  Rendered cats/new.html.erb within layouts/application (0.5ms)
Completed 200 OK in 10ms (Views: 9.4ms | ActiveRecord: 0.0ms)


Started GET "/cats/new" for ::1 at 2021-02-11 07:35:32 -0500
Processing by CatsController#new as HTML
  Rendering cats/new.html.erb within layouts/application
  Rendered cats/new.html.erb within layouts/application (8.4ms)
Completed 500 Internal Server Error in 17ms (ActiveRecord: 0.0ms)



NameError - uninitialized constant ActionView::CompiledTemplates::CAT_COLORS:
  app/views/cats/new.html.erb:20:in `_app_views_cats_new_html_erb___1878006633429549648_70300478523220'
  app/controllers/cats_controller.rb:19:in `new'

Started POST "/__better_errors/2ed55c65846adf4c/variables" for ::1 at 2021-02-11 07:35:33 -0500
Started GET "/cats/new" for ::1 at 2021-02-11 07:36:36 -0500
Processing by CatsController#new as HTML
  Rendering cats/new.html.erb within layouts/application
  Rendered cats/new.html.erb within layouts/application (5.9ms)
Completed 500 Internal Server Error in 28ms (ActiveRecord: 5.2ms)



NameError - uninitialized constant ActionView::CompiledTemplates::CAT_COLORS:
  app/views/cats/new.html.erb:20:in `_app_views_cats_new_html_erb___1878006633429549648_70300478462160'
  app/controllers/cats_controller.rb:19:in `new'

Started POST "/__better_errors/ce475f7a3179a921/variables" for ::1 at 2021-02-11 07:36:36 -0500
Started GET "/cats/new" for ::1 at 2021-02-11 07:37:00 -0500
Processing by CatsController#new as HTML
  Rendering cats/new.html.erb within layouts/application
  Rendered cats/new.html.erb within layouts/application (3.5ms)
Completed 500 Internal Server Error in 10ms (ActiveRecord: 0.0ms)



NoMethodError - undefined method `each' for nil:NilClass:
  app/views/cats/new.html.erb:20:in `_app_views_cats_new_html_erb___1878006633429549648_70300392981600'
  app/controllers/cats_controller.rb:18:in `new'

Started POST "/__better_errors/de05e21c26c14ec8/variables" for ::1 at 2021-02-11 07:37:00 -0500
Started GET "/cats/new" for ::1 at 2021-02-11 07:37:19 -0500
Processing by CatsController#new as HTML
  Rendering cats/new.html.erb within layouts/application
  Rendered cats/new.html.erb within layouts/application (0.4ms)
Completed 200 OK in 13ms (Views: 12.6ms | ActiveRecord: 0.0ms)


Started GET "/cats/new" for ::1 at 2021-02-11 07:44:07 -0500
Processing by CatsController#new as HTML
  Rendering cats/new.html.erb within layouts/application
  Rendered cats/new.html.erb within layouts/application (6.5ms)
Completed 200 OK in 22ms (Views: 21.2ms | ActiveRecord: 0.0ms)


Started GET "/cats/" for ::1 at 2021-02-11 07:44:10 -0500
Processing by CatsController#index as HTML
  Rendering cats/index.html.erb within layouts/application
  [1m[36mCat Load (1.1ms)[0m  [1m[34mSELECT "cats".* FROM "cats"[0m
  ↳ app/views/cats/index.html.erb:3
  Rendered cats/index.html.erb within layouts/application (28.4ms)
Completed 200 OK in 42ms (Views: 29.4ms | ActiveRecord: 10.7ms)


Started GET "/cats/new" for ::1 at 2021-02-11 07:44:11 -0500
Processing by CatsController#new as HTML
  Rendering cats/new.html.erb within layouts/application
  Rendered cats/new.html.erb within layouts/application (0.6ms)
Completed 200 OK in 12ms (Views: 11.6ms | ActiveRecord: 0.0ms)


Started GET "/cats/new" for ::1 at 2021-02-11 07:44:13 -0500
Processing by CatsController#new as HTML
  Rendering cats/new.html.erb within layouts/application
  Rendered cats/new.html.erb within layouts/application (0.8ms)
Completed 200 OK in 13ms (Views: 12.9ms | ActiveRecord: 0.0ms)


Started GET "/cats/" for ::1 at 2021-02-11 07:44:23 -0500
Processing by CatsController#index as HTML
  Rendering cats/index.html.erb within layouts/application
  [1m[36mCat Load (0.5ms)[0m  [1m[34mSELECT "cats".* FROM "cats"[0m
  ↳ app/views/cats/index.html.erb:3
  Rendered cats/index.html.erb within layouts/application (3.7ms)
Completed 200 OK in 16ms (Views: 14.5ms | ActiveRecord: 0.5ms)


Started GET "/cats/new" for ::1 at 2021-02-11 07:44:24 -0500
Processing by CatsController#new as HTML
  Rendering cats/new.html.erb within layouts/application
  Rendered cats/new.html.erb within layouts/application (0.5ms)
Completed 200 OK in 11ms (Views: 10.9ms | ActiveRecord: 0.0ms)


Started GET "/" for ::1 at 2021-02-11 07:45:19 -0500
  [1m[35m (2.7ms)[0m  [1m[34mSELECT "schema_migrations"."version" FROM "schema_migrations" ORDER BY "schema_migrations"."version" ASC[0m
  ↳ /Users/johncheung/.rbenv/versions/2.5.1/lib/ruby/gems/2.5.0/gems/activerecord-5.2.4.5/lib/active_record/log_subscriber.rb:98
Processing by Rails::WelcomeController#index as HTML
  Rendering /Users/johncheung/.rbenv/versions/2.5.1/lib/ruby/gems/2.5.0/gems/railties-5.2.4.5/lib/rails/templates/rails/welcome/index.html.erb
  Rendered /Users/johncheung/.rbenv/versions/2.5.1/lib/ruby/gems/2.5.0/gems/railties-5.2.4.5/lib/rails/templates/rails/welcome/index.html.erb (2.5ms)
Completed 200 OK in 16ms (Views: 8.9ms | ActiveRecord: 0.0ms)


Started GET "/cats/" for ::1 at 2021-02-11 07:45:22 -0500
Processing by CatsController#index as HTML
  Rendering cats/index.html.erb within layouts/application
  [1m[36mCat Load (0.7ms)[0m  [1m[34mSELECT "cats".* FROM "cats"[0m
  ↳ app/views/cats/index.html.erb:3
  Rendered cats/index.html.erb within layouts/application (21.0ms)
Completed 200 OK in 179ms (Views: 166.3ms | ActiveRecord: 7.9ms)


Started GET "/cats/new" for ::1 at 2021-02-11 07:45:23 -0500
Processing by CatsController#new as HTML
  Rendering cats/new.html.erb within layouts/application
  Rendered cats/new.html.erb within layouts/application (0.4ms)
Completed 200 OK in 12ms (Views: 11.4ms | ActiveRecord: 0.0ms)


Started GET "/cats/2" for ::1 at 2021-02-11 07:45:27 -0500
Processing by CatsController#show as HTML
  Parameters: {"id"=>"2"}
  [1m[36mCat Load (0.5ms)[0m  [1m[34mSELECT  "cats".* FROM "cats" WHERE "cats"."id" = $1 LIMIT $2[0m  [["id", 2], ["LIMIT", 1]]
  ↳ app/controllers/cats_controller.rb:9
  Rendering cats/show.html.erb within layouts/application
  Rendered cats/show.html.erb within layouts/application (0.6ms)
Completed 200 OK in 15ms (Views: 11.0ms | ActiveRecord: 0.7ms)


Started GET "/cats/new" for ::1 at 2021-02-11 07:46:24 -0500
Processing by CatsController#new as HTML
  Rendering cats/new.html.erb within layouts/application
  Rendered cats/new.html.erb within layouts/application (3.3ms)
Completed 200 OK in 34ms (Views: 28.6ms | ActiveRecord: 0.0ms)


Started GET "/cats/" for ::1 at 2021-02-11 07:47:05 -0500
Processing by CatsController#index as HTML
  Rendering cats/index.html.erb within layouts/application
  [1m[36mCat Load (1.0ms)[0m  [1m[34mSELECT "cats".* FROM "cats"[0m
  ↳ app/views/cats/index.html.erb:3
  Rendered cats/index.html.erb within layouts/application (10.3ms)
Completed 200 OK in 25ms (Views: 22.1ms | ActiveRecord: 1.0ms)


Started GET "/cats/1" for ::1 at 2021-02-11 07:47:14 -0500
Processing by CatsController#show as HTML
  Parameters: {"id"=>"1"}
  [1m[36mCat Load (0.5ms)[0m  [1m[34mSELECT  "cats".* FROM "cats" WHERE "cats"."id" = $1 LIMIT $2[0m  [["id", 1], ["LIMIT", 1]]
  ↳ app/controllers/cats_controller.rb:9
  Rendering cats/show.html.erb within layouts/application
  Rendered cats/show.html.erb within layouts/application (1.5ms)
Completed 200 OK in 19ms (Views: 15.0ms | ActiveRecord: 0.5ms)


Started GET "/cats/6" for ::1 at 2021-02-11 07:47:17 -0500
Processing by CatsController#show as HTML
  Parameters: {"id"=>"6"}
  [1m[36mCat Load (0.4ms)[0m  [1m[34mSELECT  "cats".* FROM "cats" WHERE "cats"."id" = $1 LIMIT $2[0m  [["id", 6], ["LIMIT", 1]]
  ↳ app/controllers/cats_controller.rb:9
  Rendering cats/show.html.erb within layouts/application
  Rendered cats/show.html.erb within layouts/application (0.5ms)
Completed 200 OK in 13ms (Views: 11.7ms | ActiveRecord: 0.4ms)


Started GET "/cats/new" for ::1 at 2021-02-11 07:47:19 -0500
Processing by CatsController#new as HTML
  Rendering cats/new.html.erb within layouts/application
  Rendered cats/new.html.erb within layouts/application (0.7ms)
Completed 200 OK in 15ms (Views: 14.4ms | ActiveRecord: 0.0ms)


Started POST "/cats" for ::1 at 2021-02-11 07:47:32 -0500
Processing by CatsController#create as HTML
  Parameters: {"cat"=>{"name"=>"Kitty", "sex"=>"M", "color"=>"black", "birth_date"=>"2020-10-11", "description"=>"Nice cat "}}
  [1m[35m (0.2ms)[0m  [1m[35mBEGIN[0m
  ↳ app/controllers/cats_controller.rb:24
  [1m[36mCat Create (1.2ms)[0m  [1m[32mINSERT INTO "cats" ("birth_date", "color", "name", "sex", "description", "created_at", "updated_at") VALUES ($1, $2, $3, $4, $5, $6, $7) RETURNING "id"[0m  [["birth_date", "2020-10-11"], ["color", "black"], ["name", "Kitty"], ["sex", "M"], ["description", "Nice cat "], ["created_at", "2021-02-11 12:47:32.607001"], ["updated_at", "2021-02-11 12:47:32.607001"]]
  ↳ app/controllers/cats_controller.rb:24
  [1m[35m (1.2ms)[0m  [1m[35mCOMMIT[0m
  ↳ app/controllers/cats_controller.rb:24
  Rendering cats/show.html.erb within layouts/application
  Rendered cats/show.html.erb within layouts/application (0.6ms)
Completed 200 OK in 26ms (Views: 13.6ms | ActiveRecord: 2.6ms)


Started GET "/cats" for ::1 at 2021-02-11 07:47:36 -0500
Processing by CatsController#index as HTML
  Rendering cats/index.html.erb within layouts/application
  [1m[36mCat Load (0.4ms)[0m  [1m[34mSELECT "cats".* FROM "cats"[0m
  ↳ app/views/cats/index.html.erb:3
  Rendered cats/index.html.erb within layouts/application (2.7ms)
Completed 200 OK in 16ms (Views: 14.8ms | ActiveRecord: 0.4ms)


Started GET "/cats/8" for ::1 at 2021-02-11 07:47:40 -0500
Processing by CatsController#show as HTML
  Parameters: {"id"=>"8"}
  [1m[36mCat Load (0.5ms)[0m  [1m[34mSELECT  "cats".* FROM "cats" WHERE "cats"."id" = $1 LIMIT $2[0m  [["id", 8], ["LIMIT", 1]]
  ↳ app/controllers/cats_controller.rb:9
  Rendering cats/show.html.erb within layouts/application
  Rendered cats/show.html.erb within layouts/application (1.1ms)
Completed 200 OK in 18ms (Views: 15.9ms | ActiveRecord: 0.5ms)


